# JRE version: OpenJDK Runtime Environment Temurin-11.0.16.1+1 (11.0.16.1+1) (build 11.0.16.1+1)
# Java VM: OpenJDK 64-Bit Server VM Temurin-11.0.16.1+1 (11.0.16.1+1, mixed mode, tiered, compressed oops, g1 gc, windows-amd64)
Heap:
 garbage-first heap   total 470016K, used 23187K [0x0000000683000000, 0x0000000800000000)
  region size 1024K, 4 young (4096K), 4 survivors (4096K)
 Metaspace       used 39546K, capacity 40001K, committed 40272K, reserved 1085440K
  class space    used 4718K, capacity 4896K, committed 4992K, reserved 1048576K
GC Heap History (9 events):
Event: 0.352 GC heap before
{Heap before GC invocations=0 (full 0):
 garbage-first heap   total 391168K, used 27648K [0x0000000683000000, 0x0000000800000000)
  region size 1024K, 24 young (24576K), 0 survivors (0K)
 Metaspace       used 12259K, capacity 12344K, committed 12544K, reserved 1060864K
  class space    used 1136K, capacity 1175K, committed 1280K, reserved 1048576K
}
Event: 0.354 GC heap after
{Heap after GC invocations=1 (full 0):
 garbage-first heap   total 391168K, used 6041K [0x0000000683000000, 0x0000000800000000)
  region size 1024K, 3 young (3072K), 3 survivors (3072K)
 Metaspace       used 12259K, capacity 12344K, committed 12544K, reserved 1060864K
  class space    used 1136K, capacity 1175K, committed 1280K, reserved 1048576K
}
Event: 0.748 GC heap before
{Heap before GC invocations=1 (full 0):
 garbage-first heap   total 391168K, used 42905K [0x0000000683000000, 0x0000000800000000)
  region size 1024K, 40 young (40960K), 3 survivors (3072K)
 Metaspace       used 20998K, capacity 21182K, committed 21248K, reserved 1069056K
  class space    used 2215K, capacity 2280K, committed 2304K, reserved 1048576K
}
Event: 0.756 GC heap after
{Heap after GC invocations=2 (full 0):
 garbage-first heap   total 391168K, used 9550K [0x0000000683000000, 0x0000000800000000)
  region size 1024K, 7 young (7168K), 7 survivors (7168K)
 Metaspace       used 20998K, capacity 21182K, committed 21248K, reserved 1069056K
  class space    used 2215K, capacity 2280K, committed 2304K, reserved 1048576K
}
Event: 1.372 GC heap before
{Heap before GC invocations=3 (full 0):
 garbage-first heap   total 391168K, used 66894K [0x0000000683000000, 0x0000000800000000)
  region size 1024K, 58 young (59392K), 7 survivors (7168K)
 Metaspace       used 33052K, capacity 33534K, committed 33788K, reserved 1079296K
  class space    used 4086K, capacity 4278K, committed 4352K, reserved 1048576K
}
Event: 1.378 GC heap after
{Heap after GC invocations=4 (full 0):
 garbage-first heap   total 391168K, used 20947K [0x0000000683000000, 0x0000000800000000)
  region size 1024K, 8 young (8192K), 8 survivors (8192K)
 Metaspace       used 33052K, capacity 33534K, committed 33788K, reserved 1079296K
  class space    used 4086K, capacity 4278K, committed 4352K, reserved 1048576K
}
Event: 1.495 GC heap before
{Heap before GC invocations=4 (full 0):
 garbage-first heap   total 391168K, used 32211K [0x0000000683000000, 0x0000000800000000)
  region size 1024K, 20 young (20480K), 8 survivors (8192K)
 Metaspace       used 35449K, capacity 35849K, committed 36048K, reserved 1081344K
  class space    used 4348K, capacity 4538K, committed 4608K, reserved 1048576K
}
Event: 1.502 GC heap after
{Heap after GC invocations=5 (full 0):
 garbage-first heap   total 391168K, used 20828K [0x0000000683000000, 0x0000000800000000)
  region size 1024K, 7 young (7168K), 7 survivors (7168K)
 Metaspace       used 35449K, capacity 35849K, committed 36048K, reserved 1081344K
  class space    used 4348K, capacity 4538K, committed 4608K, reserved 1048576K
}
Event: 1.700 GC heap before
{Heap before GC invocations=6 (full 0):
 garbage-first heap   total 391168K, used 42332K [0x0000000683000000, 0x0000000800000000)
  region size 1024K, 28 young (28672K), 7 survivors (7168K)
 Metaspace       used 39546K, capacity 40001K, committed 40272K, reserved 1085440K
  class space    used 4718K, capacity 4896K, committed 4992K, reserved 1048576K
}

